[INFO] [1716366605.977781]: Start power_monitor
[INFO] [1716366607.083503]: timestamp 1716366607.00 VDD_IN 5283mW/5283mW VDD_CPU_GPU_CV 1269mW/1269mW VDD_SOC 1145mW/1145mW
[INFO] [1716366608.134666]: timestamp 1716366608.00 VDD_IN 4833mW/5058mW VDD_CPU_GPU_CV 860mW/1064mW VDD_SOC 1145mW/1145mW
[INFO] [1716366609.142228]: timestamp 1716366609.00 VDD_IN 4792mW/4969mW VDD_CPU_GPU_CV 819mW/982mW VDD_SOC 1145mW/1145mW
[INFO] [1716366610.149483]: timestamp 1716366610.00 VDD_IN 4751mW/4914mW VDD_CPU_GPU_CV 778mW/931mW VDD_SOC 1145mW/1145mW
[INFO] [1716366611.157024]: timestamp 1716366611.00 VDD_IN 4710mW/4873mW VDD_CPU_GPU_CV 737mW/892mW VDD_SOC 1104mW/1136mW
[INFO] [1716366612.164033]: timestamp 1716366612.00 VDD_IN 4792mW/4860mW VDD_CPU_GPU_CV 778mW/873mW VDD_SOC 1104mW/1131mW
[INFO] [1716366613.183724]: timestamp 1716366613.00 VDD_IN 5324mW/4926mW VDD_CPU_GPU_CV 1351mW/941mW VDD_SOC 1145mW/1133mW
[INFO] [1716366614.202919]: timestamp 1716366614.00 VDD_IN 4956mW/4930mW VDD_CPU_GPU_CV 942mW/941mW VDD_SOC 1145mW/1134mW
[INFO] [1716366615.220927]: timestamp 1716366615.00 VDD_IN 4833mW/4919mW VDD_CPU_GPU_CV 819mW/928mW VDD_SOC 1145mW/1135mW
[INFO] [1716366616.240485]: timestamp 1716366616.00 VDD_IN 4792mW/4906mW VDD_CPU_GPU_CV 819mW/917mW VDD_SOC 1145mW/1136mW
[INFO] [1716366617.259941]: timestamp 1716366617.00 VDD_IN 4874mW/4903mW VDD_CPU_GPU_CV 860mW/912mW VDD_SOC 1145mW/1137mW
[INFO] [1716366618.280131]: timestamp 1716366618.00 VDD_IN 4915mW/4904mW VDD_CPU_GPU_CV 901mW/911mW VDD_SOC 1145mW/1138mW
[INFO] [1716366619.298818]: timestamp 1716366619.00 VDD_IN 4833mW/4899mW VDD_CPU_GPU_CV 819mW/904mW VDD_SOC 1145mW/1138mW
[INFO] [1716366620.314659]: timestamp 1716366620.00 VDD_IN 4833mW/4894mW VDD_CPU_GPU_CV 860mW/900mW VDD_SOC 1145mW/1139mW
[INFO] [1716366621.332061]: timestamp 1716366621.00 VDD_IN 4874mW/4893mW VDD_CPU_GPU_CV 860mW/898mW VDD_SOC 1145mW/1139mW
[INFO] [1716366622.353582]: timestamp 1716366622.00 VDD_IN 4997mW/4899mW VDD_CPU_GPU_CV 983mW/903mW VDD_SOC 1145mW/1139mW
[INFO] [1716366623.376493]: timestamp 1716366623.00 VDD_IN 5242mW/4919mW VDD_CPU_GPU_CV 1228mW/922mW VDD_SOC 1145mW/1140mW
[INFO] [1716366624.395982]: timestamp 1716366624.00 VDD_IN 5160mW/4933mW VDD_CPU_GPU_CV 1105mW/932mW VDD_SOC 1145mW/1140mW
[INFO] [1716366625.413180]: timestamp 1716366625.00 VDD_IN 4792mW/4925mW VDD_CPU_GPU_CV 819mW/926mW VDD_SOC 1145mW/1140mW
[INFO] [1716366626.432797]: timestamp 1716366626.00 VDD_IN 4833mW/4920mW VDD_CPU_GPU_CV 819mW/921mW VDD_SOC 1145mW/1140mW
[INFO] [1716366627.451331]: timestamp 1716366627.00 VDD_IN 5079mW/4928mW VDD_CPU_GPU_CV 1105mW/930mW VDD_SOC 1145mW/1141mW
[INFO] [1716366628.469438]: timestamp 1716366628.00 VDD_IN 4792mW/4922mW VDD_CPU_GPU_CV 819mW/925mW VDD_SOC 1145mW/1141mW
[INFO] [1716366629.488010]: timestamp 1716366629.00 VDD_IN 4751mW/4914mW VDD_CPU_GPU_CV 778mW/918mW VDD_SOC 1145mW/1141mW
[INFO] [1716366630.507356]: timestamp 1716366630.00 VDD_IN 4833mW/4911mW VDD_CPU_GPU_CV 819mW/914mW VDD_SOC 1145mW/1141mW
[INFO] [1716366631.526162]: timestamp 1716366631.00 VDD_IN 4833mW/4908mW VDD_CPU_GPU_CV 860mW/912mW VDD_SOC 1145mW/1141mW
[INFO] [1716366632.545350]: timestamp 1716366632.00 VDD_IN 4833mW/4905mW VDD_CPU_GPU_CV 860mW/910mW VDD_SOC 1145mW/1141mW
[INFO] [1716366633.566401]: timestamp 1716366633.00 VDD_IN 5160mW/4914mW VDD_CPU_GPU_CV 1146mW/919mW VDD_SOC 1145mW/1141mW
[INFO] [1716366634.588520]: timestamp 1716366634.00 VDD_IN 5038mW/4919mW VDD_CPU_GPU_CV 983mW/921mW VDD_SOC 1145mW/1142mW
[INFO] [1716366635.613706]: timestamp 1716366635.00 VDD_IN 4915mW/4919mW VDD_CPU_GPU_CV 901mW/920mW VDD_SOC 1145mW/1142mW
[INFO] [1716366636.634884]: timestamp 1716366636.00 VDD_IN 5038mW/4923mW VDD_CPU_GPU_CV 1024mW/924mW VDD_SOC 1145mW/1142mW
[INFO] [1716366637.653923]: timestamp 1716366637.00 VDD_IN 4874mW/4921mW VDD_CPU_GPU_CV 901mW/923mW VDD_SOC 1145mW/1142mW
[INFO] [1716366638.672020]: timestamp 1716366638.00 VDD_IN 4874mW/4919mW VDD_CPU_GPU_CV 901mW/922mW VDD_SOC 1145mW/1142mW
[INFO] [1716366639.693564]: timestamp 1716366639.00 VDD_IN 4915mW/4919mW VDD_CPU_GPU_CV 860mW/920mW VDD_SOC 1145mW/1142mW
[INFO] [1716366640.711264]: timestamp 1716366640.00 VDD_IN 4915mW/4919mW VDD_CPU_GPU_CV 901mW/920mW VDD_SOC 1145mW/1142mW
[INFO] [1716366641.728127]: timestamp 1716366641.00 VDD_IN 4956mW/4920mW VDD_CPU_GPU_CV 942mW/920mW VDD_SOC 1145mW/1142mW
[INFO] [1716366642.748403]: timestamp 1716366642.00 VDD_IN 4833mW/4918mW VDD_CPU_GPU_CV 860mW/919mW VDD_SOC 1145mW/1142mW
[INFO] [1716366643.769352]: timestamp 1716366643.00 VDD_IN 4997mW/4920mW VDD_CPU_GPU_CV 1024mW/921mW VDD_SOC 1145mW/1142mW
[INFO] [1716366644.787352]: timestamp 1716366644.00 VDD_IN 4874mW/4919mW VDD_CPU_GPU_CV 860mW/920mW VDD_SOC 1145mW/1142mW
[INFO] [1716366645.911852]: timestamp 1716366645.00 VDD_IN 4915mW/4919mW VDD_CPU_GPU_CV 901mW/919mW VDD_SOC 1145mW/1142mW
[INFO] [1716366646.919415]: timestamp 1716366646.00 VDD_IN 4874mW/4917mW VDD_CPU_GPU_CV 901mW/919mW VDD_SOC 1145mW/1142mW
[INFO] [1716366647.926965]: timestamp 1716366647.00 VDD_IN 4792mW/4914mW VDD_CPU_GPU_CV 819mW/916mW VDD_SOC 1145mW/1143mW
[INFO] [1716366648.934971]: timestamp 1716366648.00 VDD_IN 4751mW/4910mW VDD_CPU_GPU_CV 778mW/913mW VDD_SOC 1104mW/1142mW
[INFO] [1716366649.942388]: timestamp 1716366649.00 VDD_IN 4792mW/4908mW VDD_CPU_GPU_CV 819mW/911mW VDD_SOC 1104mW/1141mW
[INFO] [1716366651.027183]: timestamp 1716366650.00 VDD_IN 4710mW/4903mW VDD_CPU_GPU_CV 778mW/908mW VDD_SOC 1104mW/1140mW
[INFO] [1716366652.035499]: timestamp 1716366651.00 VDD_IN 4833mW/4902mW VDD_CPU_GPU_CV 860mW/907mW VDD_SOC 1145mW/1140mW
[INFO] [1716366653.044036]: timestamp 1716366652.00 VDD_IN 5283mW/4910mW VDD_CPU_GPU_CV 1269mW/915mW VDD_SOC 1145mW/1140mW
[INFO] [1716366654.053906]: timestamp 1716366653.00 VDD_IN 4874mW/4909mW VDD_CPU_GPU_CV 901mW/914mW VDD_SOC 1145mW/1140mW
[INFO] [1716366655.061457]: timestamp 1716366654.00 VDD_IN 4751mW/4906mW VDD_CPU_GPU_CV 778mW/911mW VDD_SOC 1104mW/1139mW
[INFO] [1716366656.068701]: timestamp 1716366655.00 VDD_IN 4628mW/4900mW VDD_CPU_GPU_CV 696mW/907mW VDD_SOC 1104mW/1139mW
[INFO] [1716366657.075738]: timestamp 1716366657.00 VDD_IN 4669mW/4896mW VDD_CPU_GPU_CV 737mW/904mW VDD_SOC 1104mW/1138mW
[INFO] [1716366658.082737]: timestamp 1716366658.00 VDD_IN 4751mW/4893mW VDD_CPU_GPU_CV 778mW/901mW VDD_SOC 1104mW/1137mW
[INFO] [1716366659.090383]: timestamp 1716366659.00 VDD_IN 4669mW/4888mW VDD_CPU_GPU_CV 737mW/898mW VDD_SOC 1104mW/1137mW
[INFO] [1716366660.098306]: timestamp 1716366660.00 VDD_IN 4710mW/4885mW VDD_CPU_GPU_CV 778mW/896mW VDD_SOC 1104mW/1136mW
[INFO] [1716366661.104236]: timestamp 1716366661.00 VDD_IN 4792mW/4883mW VDD_CPU_GPU_CV 819mW/894mW VDD_SOC 1104mW/1135mW
[INFO] [1716366662.116317]: timestamp 1716366662.00 VDD_IN 4751mW/4881mW VDD_CPU_GPU_CV 778mW/892mW VDD_SOC 1104mW/1135mW
[INFO] [1716366663.142034]: timestamp 1716366663.00 VDD_IN 5447mW/4891mW VDD_CPU_GPU_CV 1474mW/903mW VDD_SOC 1145mW/1135mW
[INFO] [1716366664.161324]: timestamp 1716366664.00 VDD_IN 4833mW/4890mW VDD_CPU_GPU_CV 860mW/902mW VDD_SOC 1104mW/1134mW
[INFO] [1716366665.179470]: timestamp 1716366665.00 VDD_IN 4792mW/4888mW VDD_CPU_GPU_CV 819mW/900mW VDD_SOC 1104mW/1134mW
[INFO] [1716366666.198375]: timestamp 1716366666.00 VDD_IN 4751mW/4886mW VDD_CPU_GPU_CV 819mW/899mW VDD_SOC 1104mW/1133mW
[INFO] [1716366667.219616]: timestamp 1716366667.00 VDD_IN 4792mW/4884mW VDD_CPU_GPU_CV 819mW/898mW VDD_SOC 1104mW/1133mW
[INFO] [1716366668.238023]: timestamp 1716366668.00 VDD_IN 4833mW/4883mW VDD_CPU_GPU_CV 860mW/897mW VDD_SOC 1104mW/1132mW
[INFO] [1716366669.257486]: timestamp 1716366669.00 VDD_IN 4710mW/4881mW VDD_CPU_GPU_CV 778mW/895mW VDD_SOC 1104mW/1132mW
[INFO] [1716366670.396638]: timestamp 1716366670.00 VDD_IN 4792mW/4879mW VDD_CPU_GPU_CV 819mW/894mW VDD_SOC 1104mW/1131mW
[INFO] [1716366671.403969]: timestamp 1716366671.00 VDD_IN 4833mW/4879mW VDD_CPU_GPU_CV 860mW/893mW VDD_SOC 1104mW/1131mW
[INFO] [1716366672.411535]: timestamp 1716366672.00 VDD_IN 4669mW/4875mW VDD_CPU_GPU_CV 737mW/891mW VDD_SOC 1104mW/1131mW
[INFO] [1716366673.418649]: timestamp 1716366673.00 VDD_IN 5038mW/4878mW VDD_CPU_GPU_CV 1105mW/894mW VDD_SOC 1104mW/1130mW
[INFO] [1716366674.425844]: timestamp 1716366674.00 VDD_IN 4833mW/4877mW VDD_CPU_GPU_CV 819mW/893mW VDD_SOC 1104mW/1130mW
[INFO] [1716366675.562081]: timestamp 1716366675.00 VDD_IN 4628mW/4873mW VDD_CPU_GPU_CV 696mW/890mW VDD_SOC 1104mW/1129mW
[INFO] [1716366676.568198]: timestamp 1716366676.00 VDD_IN 4628mW/4870mW VDD_CPU_GPU_CV 696mW/887mW VDD_SOC 1104mW/1129mW
[INFO] [1716366677.575997]: timestamp 1716366677.00 VDD_IN 4587mW/4866mW VDD_CPU_GPU_CV 655mW/884mW VDD_SOC 1104mW/1129mW
[INFO] [1716366678.583726]: timestamp 1716366678.00 VDD_IN 4628mW/4862mW VDD_CPU_GPU_CV 696mW/881mW VDD_SOC 1104mW/1128mW
[INFO] [1716366679.590782]: timestamp 1716366679.00 VDD_IN 4792mW/4861mW VDD_CPU_GPU_CV 819mW/880mW VDD_SOC 1104mW/1128mW
[INFO] [1716366680.597497]: timestamp 1716366680.00 VDD_IN 4669mW/4859mW VDD_CPU_GPU_CV 737mW/878mW VDD_SOC 1104mW/1128mW
[INFO] [1716366681.604206]: timestamp 1716366681.00 VDD_IN 4710mW/4857mW VDD_CPU_GPU_CV 778mW/877mW VDD_SOC 1104mW/1127mW
[INFO] [1716366682.612249]: timestamp 1716366682.00 VDD_IN 4792mW/4856mW VDD_CPU_GPU_CV 819mW/876mW VDD_SOC 1104mW/1127mW
[INFO] [1716366683.620443]: timestamp 1716366683.00 VDD_IN 5079mW/4859mW VDD_CPU_GPU_CV 1105mW/879mW VDD_SOC 1104mW/1127mW
[INFO] [1716366684.626917]: timestamp 1716366684.00 VDD_IN 4833mW/4859mW VDD_CPU_GPU_CV 860mW/879mW VDD_SOC 1104mW/1126mW
[INFO] [1716366685.633647]: timestamp 1716366685.00 VDD_IN 4751mW/4857mW VDD_CPU_GPU_CV 819mW/878mW VDD_SOC 1104mW/1126mW
[INFO] [1716366686.644005]: timestamp 1716366686.00 VDD_IN 4751mW/4856mW VDD_CPU_GPU_CV 778mW/877mW VDD_SOC 1104mW/1126mW
[INFO] [1716366687.651285]: timestamp 1716366687.00 VDD_IN 5038mW/4858mW VDD_CPU_GPU_CV 1064mW/879mW VDD_SOC 1104mW/1126mW
[INFO] [1716366688.658571]: timestamp 1716366688.00 VDD_IN 4751mW/4857mW VDD_CPU_GPU_CV 819mW/879mW VDD_SOC 1104mW/1125mW
[INFO] [1716366689.666363]: timestamp 1716366689.00 VDD_IN 4751mW/4855mW VDD_CPU_GPU_CV 778mW/877mW VDD_SOC 1104mW/1125mW
[INFO] [1716366690.673692]: timestamp 1716366690.00 VDD_IN 4710mW/4854mW VDD_CPU_GPU_CV 778mW/876mW VDD_SOC 1104mW/1125mW
[INFO] [1716366691.682494]: timestamp 1716366691.00 VDD_IN 4751mW/4852mW VDD_CPU_GPU_CV 819mW/875mW VDD_SOC 1104mW/1124mW
[INFO] [1716366692.691610]: timestamp 1716366692.00 VDD_IN 4710mW/4851mW VDD_CPU_GPU_CV 778mW/874mW VDD_SOC 1104mW/1124mW
[INFO] [1716366693.702698]: timestamp 1716366693.00 VDD_IN 4874mW/4851mW VDD_CPU_GPU_CV 901mW/875mW VDD_SOC 1104mW/1124mW
[INFO] [1716366694.723594]: timestamp 1716366694.00 VDD_IN 4669mW/4849mW VDD_CPU_GPU_CV 737mW/873mW VDD_SOC 1104mW/1124mW
[INFO] [1716366695.741923]: timestamp 1716366695.00 VDD_IN 4751mW/4848mW VDD_CPU_GPU_CV 778mW/872mW VDD_SOC 1104mW/1124mW
[INFO] [1716366696.761297]: timestamp 1716366696.00 VDD_IN 4669mW/4846mW VDD_CPU_GPU_CV 737mW/870mW VDD_SOC 1104mW/1123mW
[INFO] [1716366697.779701]: timestamp 1716366697.00 VDD_IN 4669mW/4844mW VDD_CPU_GPU_CV 737mW/869mW VDD_SOC 1104mW/1123mW
[INFO] [1716366698.801723]: timestamp 1716366698.00 VDD_IN 4669mW/4842mW VDD_CPU_GPU_CV 737mW/867mW VDD_SOC 1104mW/1123mW
[INFO] [1716366699.818511]: timestamp 1716366699.00 VDD_IN 4669mW/4840mW VDD_CPU_GPU_CV 737mW/866mW VDD_SOC 1104mW/1123mW
[INFO] [1716366700.836951]: timestamp 1716366700.00 VDD_IN 4628mW/4838mW VDD_CPU_GPU_CV 696mW/864mW VDD_SOC 1104mW/1122mW
[INFO] [1716366701.854714]: timestamp 1716366701.00 VDD_IN 4669mW/4836mW VDD_CPU_GPU_CV 737mW/863mW VDD_SOC 1104mW/1122mW
[INFO] [1716366702.872920]: timestamp 1716366702.00 VDD_IN 4833mW/4836mW VDD_CPU_GPU_CV 901mW/863mW VDD_SOC 1104mW/1122mW
[INFO] [1716366703.894141]: timestamp 1716366703.00 VDD_IN 4792mW/4835mW VDD_CPU_GPU_CV 860mW/863mW VDD_SOC 1104mW/1122mW
[INFO] [1716366704.913418]: timestamp 1716366704.00 VDD_IN 4628mW/4833mW VDD_CPU_GPU_CV 696mW/862mW VDD_SOC 1104mW/1122mW
[INFO] [1716366705.932070]: timestamp 1716366705.00 VDD_IN 4669mW/4832mW VDD_CPU_GPU_CV 778mW/861mW VDD_SOC 1104mW/1121mW
[INFO] [1716366706.950070]: timestamp 1716366706.00 VDD_IN 4710mW/4830mW VDD_CPU_GPU_CV 778mW/860mW VDD_SOC 1104mW/1121mW
[INFO] [1716366707.970444]: timestamp 1716366707.00 VDD_IN 4669mW/4829mW VDD_CPU_GPU_CV 737mW/859mW VDD_SOC 1104mW/1121mW
[INFO] [1716366708.990653]: timestamp 1716366708.00 VDD_IN 4833mW/4829mW VDD_CPU_GPU_CV 860mW/859mW VDD_SOC 1104mW/1121mW
[INFO] [1716366710.010368]: timestamp 1716366710.00 VDD_IN 4833mW/4829mW VDD_CPU_GPU_CV 819mW/858mW VDD_SOC 1104mW/1121mW
[INFO] [1716366711.034852]: timestamp 1716366711.00 VDD_IN 4874mW/4829mW VDD_CPU_GPU_CV 860mW/858mW VDD_SOC 1104mW/1121mW
[INFO] [1716366712.054897]: timestamp 1716366712.00 VDD_IN 4874mW/4830mW VDD_CPU_GPU_CV 901mW/859mW VDD_SOC 1104mW/1120mW
[INFO] [1716366713.074235]: timestamp 1716366713.00 VDD_IN 5611mW/4837mW VDD_CPU_GPU_CV 1638mW/866mW VDD_SOC 1145mW/1121mW
[INFO] [1716366714.093019]: timestamp 1716366714.00 VDD_IN 4833mW/4837mW VDD_CPU_GPU_CV 901mW/866mW VDD_SOC 1104mW/1121mW
[INFO] [1716366715.112104]: timestamp 1716366715.00 VDD_IN 4751mW/4836mW VDD_CPU_GPU_CV 778mW/866mW VDD_SOC 1104mW/1120mW
[INFO] [1716366716.129803]: timestamp 1716366716.00 VDD_IN 4751mW/4835mW VDD_CPU_GPU_CV 819mW/865mW VDD_SOC 1104mW/1120mW
[INFO] [1716366717.149993]: timestamp 1716366717.00 VDD_IN 4833mW/4835mW VDD_CPU_GPU_CV 860mW/865mW VDD_SOC 1104mW/1120mW
[INFO] [1716366718.169071]: timestamp 1716366718.00 VDD_IN 4792mW/4835mW VDD_CPU_GPU_CV 819mW/865mW VDD_SOC 1104mW/1120mW
[INFO] [1716366719.188161]: timestamp 1716366719.00 VDD_IN 4833mW/4835mW VDD_CPU_GPU_CV 901mW/865mW VDD_SOC 1104mW/1120mW
[INFO] [1716366720.209522]: timestamp 1716366720.00 VDD_IN 4710mW/4834mW VDD_CPU_GPU_CV 778mW/864mW VDD_SOC 1104mW/1120mW
[INFO] [1716366721.228484]: timestamp 1716366721.00 VDD_IN 4669mW/4832mW VDD_CPU_GPU_CV 737mW/863mW VDD_SOC 1104mW/1119mW
[INFO] [1716366722.247359]: timestamp 1716366722.00 VDD_IN 4710mW/4831mW VDD_CPU_GPU_CV 737mW/862mW VDD_SOC 1104mW/1119mW
[INFO] [1716366723.265865]: timestamp 1716366723.00 VDD_IN 5242mW/4835mW VDD_CPU_GPU_CV 1269mW/865mW VDD_SOC 1104mW/1119mW
[INFO] [1716366724.289562]: timestamp 1716366724.00 VDD_IN 4710mW/4834mW VDD_CPU_GPU_CV 819mW/865mW VDD_SOC 1104mW/1119mW
[INFO] [1716366725.309639]: timestamp 1716366725.00 VDD_IN 4628mW/4832mW VDD_CPU_GPU_CV 737mW/864mW VDD_SOC 1104mW/1119mW
[INFO] [1716366726.329608]: timestamp 1716366726.00 VDD_IN 4669mW/4831mW VDD_CPU_GPU_CV 737mW/863mW VDD_SOC 1104mW/1119mW
[INFO] [1716366727.347853]: timestamp 1716366727.00 VDD_IN 4669mW/4829mW VDD_CPU_GPU_CV 737mW/862mW VDD_SOC 1104mW/1119mW
[INFO] [1716366728.365975]: timestamp 1716366728.00 VDD_IN 4587mW/4827mW VDD_CPU_GPU_CV 696mW/860mW VDD_SOC 1104mW/1119mW
[INFO] [1716366729.385440]: timestamp 1716366729.00 VDD_IN 4587mW/4825mW VDD_CPU_GPU_CV 696mW/859mW VDD_SOC 1104mW/1118mW
[INFO] [1716366730.406233]: timestamp 1716366730.00 VDD_IN 4669mW/4824mW VDD_CPU_GPU_CV 737mW/858mW VDD_SOC 1104mW/1118mW
[INFO] [1716366731.424922]: timestamp 1716366731.00 VDD_IN 4587mW/4822mW VDD_CPU_GPU_CV 696mW/857mW VDD_SOC 1104mW/1118mW
[INFO] [1716366732.443866]: timestamp 1716366732.00 VDD_IN 4710mW/4821mW VDD_CPU_GPU_CV 778mW/856mW VDD_SOC 1104mW/1118mW
[INFO] [1716366733.466659]: timestamp 1716366733.00 VDD_IN 4997mW/4823mW VDD_CPU_GPU_CV 1064mW/858mW VDD_SOC 1104mW/1118mW
[INFO] [1716366734.486301]: timestamp 1716366734.00 VDD_IN 4751mW/4822mW VDD_CPU_GPU_CV 819mW/857mW VDD_SOC 1104mW/1118mW
[INFO] [1716366735.505144]: timestamp 1716366735.00 VDD_IN 4669mW/4821mW VDD_CPU_GPU_CV 737mW/856mW VDD_SOC 1104mW/1118mW
[INFO] [1716366736.523281]: timestamp 1716366736.00 VDD_IN 4710mW/4820mW VDD_CPU_GPU_CV 819mW/856mW VDD_SOC 1104mW/1118mW
[INFO] [1716366737.539443]: timestamp 1716366737.00 VDD_IN 4997mW/4821mW VDD_CPU_GPU_CV 983mW/857mW VDD_SOC 1104mW/1117mW
[INFO] [1716366738.560331]: timestamp 1716366738.00 VDD_IN 4751mW/4821mW VDD_CPU_GPU_CV 819mW/857mW VDD_SOC 1104mW/1117mW
[INFO] [1716366739.577789]: timestamp 1716366739.00 VDD_IN 4710mW/4820mW VDD_CPU_GPU_CV 819mW/857mW VDD_SOC 1104mW/1117mW
[INFO] [1716366740.597117]: timestamp 1716366740.00 VDD_IN 4669mW/4819mW VDD_CPU_GPU_CV 737mW/856mW VDD_SOC 1104mW/1117mW
[INFO] [1716366741.615278]: timestamp 1716366741.00 VDD_IN 4628mW/4817mW VDD_CPU_GPU_CV 737mW/855mW VDD_SOC 1104mW/1117mW
[INFO] [1716366742.632712]: timestamp 1716366742.00 VDD_IN 4669mW/4816mW VDD_CPU_GPU_CV 737mW/854mW VDD_SOC 1104mW/1117mW
[INFO] [1716366743.651490]: timestamp 1716366743.00 VDD_IN 4833mW/4816mW VDD_CPU_GPU_CV 901mW/854mW VDD_SOC 1104mW/1117mW
[INFO] [1716366744.669364]: timestamp 1716366744.00 VDD_IN 4669mW/4815mW VDD_CPU_GPU_CV 778mW/854mW VDD_SOC 1104mW/1117mW
[INFO] [1716366745.688552]: timestamp 1716366745.00 VDD_IN 4628mW/4814mW VDD_CPU_GPU_CV 696mW/853mW VDD_SOC 1063mW/1116mW
[INFO] [1716366746.707154]: timestamp 1716366746.00 VDD_IN 4628mW/4813mW VDD_CPU_GPU_CV 696mW/851mW VDD_SOC 1104mW/1116mW
[INFO] [1716366747.724766]: timestamp 1716366747.00 VDD_IN 5120mW/4815mW VDD_CPU_GPU_CV 1146mW/853mW VDD_SOC 1104mW/1116mW
[INFO] [1716366748.745135]: timestamp 1716366748.00 VDD_IN 4710mW/4814mW VDD_CPU_GPU_CV 778mW/853mW VDD_SOC 1104mW/1116mW
[INFO] [1716366749.765722]: timestamp 1716366749.00 VDD_IN 4628mW/4813mW VDD_CPU_GPU_CV 737mW/852mW VDD_SOC 1104mW/1116mW
[INFO] [1716366750.783176]: timestamp 1716366750.00 VDD_IN 4546mW/4811mW VDD_CPU_GPU_CV 655mW/851mW VDD_SOC 1063mW/1116mW
[INFO] [1716366751.801595]: timestamp 1716366751.00 VDD_IN 4505mW/4809mW VDD_CPU_GPU_CV 614mW/849mW VDD_SOC 1063mW/1115mW
[INFO] [1716366752.819233]: timestamp 1716366752.00 VDD_IN 4505mW/4807mW VDD_CPU_GPU_CV 614mW/847mW VDD_SOC 1063mW/1115mW
[INFO] [1716366753.838205]: timestamp 1716366753.00 VDD_IN 4587mW/4805mW VDD_CPU_GPU_CV 696mW/846mW VDD_SOC 1063mW/1115mW
[INFO] [1716366754.857039]: timestamp 1716366754.00 VDD_IN 4505mW/4803mW VDD_CPU_GPU_CV 614mW/845mW VDD_SOC 1063mW/1114mW
[INFO] [1716366755.875404]: timestamp 1716366755.00 VDD_IN 4464mW/4801mW VDD_CPU_GPU_CV 573mW/843mW VDD_SOC 1063mW/1114mW
[INFO] [1716366756.897069]: timestamp 1716366756.00 VDD_IN 4833mW/4801mW VDD_CPU_GPU_CV 901mW/843mW VDD_SOC 1104mW/1114mW
[INFO] [1716366757.914234]: timestamp 1716366757.00 VDD_IN 4915mW/4802mW VDD_CPU_GPU_CV 942mW/844mW VDD_SOC 1104mW/1114mW
[INFO] [1716366758.929380]: timestamp 1716366758.00 VDD_IN 4915mW/4802mW VDD_CPU_GPU_CV 942mW/845mW VDD_SOC 1104mW/1114mW
[INFO] [1716366759.947821]: timestamp 1716366759.00 VDD_IN 5038mW/4804mW VDD_CPU_GPU_CV 1024mW/846mW VDD_SOC 1104mW/1114mW
[INFO] [1716366760.966530]: timestamp 1716366760.00 VDD_IN 4833mW/4804mW VDD_CPU_GPU_CV 860mW/846mW VDD_SOC 1104mW/1113mW
[INFO] [1716366761.984698]: timestamp 1716366761.00 VDD_IN 4874mW/4805mW VDD_CPU_GPU_CV 942mW/847mW VDD_SOC 1104mW/1113mW
[INFO] [1716366763.001047]: timestamp 1716366762.00 VDD_IN 5529mW/4809mW VDD_CPU_GPU_CV 1515mW/851mW VDD_SOC 1104mW/1113mW
[INFO] [1716366764.021434]: timestamp 1716366764.00 VDD_IN 4915mW/4810mW VDD_CPU_GPU_CV 983mW/852mW VDD_SOC 1104mW/1113mW
[INFO] [1716366765.042040]: timestamp 1716366765.00 VDD_IN 4833mW/4810mW VDD_CPU_GPU_CV 901mW/852mW VDD_SOC 1104mW/1113mW
[INFO] [1716366766.062881]: timestamp 1716366766.00 VDD_IN 4833mW/4810mW VDD_CPU_GPU_CV 860mW/852mW VDD_SOC 1104mW/1113mW
[INFO] [1716366767.081406]: timestamp 1716366767.00 VDD_IN 4956mW/4811mW VDD_CPU_GPU_CV 983mW/853mW VDD_SOC 1104mW/1113mW
[INFO] [1716366768.099203]: timestamp 1716366768.00 VDD_IN 4997mW/4812mW VDD_CPU_GPU_CV 983mW/854mW VDD_SOC 1104mW/1113mW
[INFO] [1716366769.120449]: timestamp 1716366769.00 VDD_IN 4710mW/4812mW VDD_CPU_GPU_CV 778mW/853mW VDD_SOC 1104mW/1113mW
[INFO] [1716366770.144649]: timestamp 1716366770.00 VDD_IN 4628mW/4811mW VDD_CPU_GPU_CV 737mW/853mW VDD_SOC 1104mW/1113mW
[INFO] [1716366771.163948]: timestamp 1716366771.00 VDD_IN 4669mW/4810mW VDD_CPU_GPU_CV 778mW/852mW VDD_SOC 1104mW/1113mW
[INFO] [1716366772.182676]: timestamp 1716366772.00 VDD_IN 4669mW/4809mW VDD_CPU_GPU_CV 737mW/851mW VDD_SOC 1104mW/1113mW
[INFO] [1716366773.203024]: timestamp 1716366773.00 VDD_IN 5201mW/4811mW VDD_CPU_GPU_CV 1269mW/854mW VDD_SOC 1104mW/1113mW
[INFO] [1716366774.220879]: timestamp 1716366774.00 VDD_IN 4710mW/4811mW VDD_CPU_GPU_CV 819mW/854mW VDD_SOC 1104mW/1113mW
[INFO] [1716366775.239523]: timestamp 1716366775.00 VDD_IN 4710mW/4810mW VDD_CPU_GPU_CV 778mW/853mW VDD_SOC 1104mW/1113mW
[INFO] [1716366776.257264]: timestamp 1716366776.00 VDD_IN 4833mW/4810mW VDD_CPU_GPU_CV 860mW/853mW VDD_SOC 1104mW/1113mW
[INFO] [1716366777.275868]: timestamp 1716366777.00 VDD_IN 4710mW/4809mW VDD_CPU_GPU_CV 819mW/853mW VDD_SOC 1104mW/1113mW
[INFO] [1716366778.294198]: timestamp 1716366778.00 VDD_IN 4751mW/4809mW VDD_CPU_GPU_CV 819mW/853mW VDD_SOC 1104mW/1112mW
[INFO] [1716366779.312720]: timestamp 1716366779.00 VDD_IN 4669mW/4808mW VDD_CPU_GPU_CV 737mW/852mW VDD_SOC 1104mW/1112mW
[INFO] [1716366780.336369]: timestamp 1716366780.00 VDD_IN 4669mW/4808mW VDD_CPU_GPU_CV 737mW/851mW VDD_SOC 1104mW/1112mW
[INFO] [1716366781.358119]: timestamp 1716366781.00 VDD_IN 4505mW/4806mW VDD_CPU_GPU_CV 614mW/850mW VDD_SOC 1063mW/1112mW
[INFO] [1716366782.384426]: timestamp 1716366782.00 VDD_IN 4464mW/4804mW VDD_CPU_GPU_CV 614mW/849mW VDD_SOC 1063mW/1112mW
[INFO] [1716366783.403853]: timestamp 1716366783.00 VDD_IN 4833mW/4804mW VDD_CPU_GPU_CV 942mW/849mW VDD_SOC 1063mW/1112mW
[INFO] [1716366784.424919]: timestamp 1716366784.00 VDD_IN 4464mW/4802mW VDD_CPU_GPU_CV 614mW/848mW VDD_SOC 1063mW/1111mW
[INFO] [1716366785.443375]: timestamp 1716366785.00 VDD_IN 4423mW/4800mW VDD_CPU_GPU_CV 573mW/846mW VDD_SOC 1063mW/1111mW
[INFO] [1716366786.461725]: timestamp 1716366786.00 VDD_IN 4628mW/4799mW VDD_CPU_GPU_CV 696mW/846mW VDD_SOC 1063mW/1111mW
[INFO] [1716366787.480810]: timestamp 1716366787.00 VDD_IN 4505mW/4797mW VDD_CPU_GPU_CV 614mW/844mW VDD_SOC 1063mW/1110mW
[INFO] [1716366788.499949]: timestamp 1716366788.00 VDD_IN 4505mW/4796mW VDD_CPU_GPU_CV 614mW/843mW VDD_SOC 1063mW/1110mW
[INFO] [1716366789.518863]: timestamp 1716366789.00 VDD_IN 4464mW/4794mW VDD_CPU_GPU_CV 573mW/841mW VDD_SOC 1063mW/1110mW
[INFO] [1716366790.537360]: timestamp 1716366790.00 VDD_IN 4464mW/4792mW VDD_CPU_GPU_CV 614mW/840mW VDD_SOC 1063mW/1110mW
[INFO] [1716366791.554922]: timestamp 1716366791.00 VDD_IN 4423mW/4790mW VDD_CPU_GPU_CV 573mW/839mW VDD_SOC 1063mW/1109mW
[INFO] [1716366792.574275]: timestamp 1716366792.00 VDD_IN 4423mW/4788mW VDD_CPU_GPU_CV 573mW/837mW VDD_SOC 1063mW/1109mW
[INFO] [1716366793.594088]: timestamp 1716366793.00 VDD_IN 4669mW/4787mW VDD_CPU_GPU_CV 778mW/837mW VDD_SOC 1063mW/1109mW
[INFO] [1716366794.611839]: timestamp 1716366794.00 VDD_IN 4505mW/4786mW VDD_CPU_GPU_CV 614mW/836mW VDD_SOC 1063mW/1109mW
[INFO] [1716366795.634937]: timestamp 1716366795.00 VDD_IN 4546mW/4784mW VDD_CPU_GPU_CV 655mW/835mW VDD_SOC 1063mW/1108mW
[INFO] [1716366796.654520]: timestamp 1716366796.00 VDD_IN 4505mW/4783mW VDD_CPU_GPU_CV 614mW/834mW VDD_SOC 1063mW/1108mW
[INFO] [1716366797.672233]: timestamp 1716366797.00 VDD_IN 4505mW/4781mW VDD_CPU_GPU_CV 614mW/832mW VDD_SOC 1063mW/1108mW
[INFO] [1716366798.690123]: timestamp 1716366798.00 VDD_IN 4587mW/4780mW VDD_CPU_GPU_CV 696mW/832mW VDD_SOC 1063mW/1108mW
[INFO] [1716366799.711035]: timestamp 1716366799.00 VDD_IN 4669mW/4780mW VDD_CPU_GPU_CV 737mW/831mW VDD_SOC 1104mW/1108mW
[INFO] [1716366800.729008]: timestamp 1716366800.00 VDD_IN 4792mW/4780mW VDD_CPU_GPU_CV 860mW/831mW VDD_SOC 1104mW/1108mW
[INFO] [1716366801.750023]: timestamp 1716366801.00 VDD_IN 4833mW/4780mW VDD_CPU_GPU_CV 860mW/831mW VDD_SOC 1104mW/1108mW
[INFO] [1716366802.768348]: timestamp 1716366802.00 VDD_IN 4792mW/4780mW VDD_CPU_GPU_CV 860mW/832mW VDD_SOC 1104mW/1108mW
[INFO] [1716366803.789361]: timestamp 1716366803.00 VDD_IN 4833mW/4780mW VDD_CPU_GPU_CV 901mW/832mW VDD_SOC 1104mW/1108mW
[INFO] [1716366804.809414]: timestamp 1716366804.00 VDD_IN 4751mW/4780mW VDD_CPU_GPU_CV 819mW/832mW VDD_SOC 1104mW/1107mW
[INFO] [1716366805.824439]: timestamp 1716366805.00 VDD_IN 4669mW/4780mW VDD_CPU_GPU_CV 778mW/832mW VDD_SOC 1104mW/1107mW
[INFO] [1716366806.845145]: timestamp 1716366806.00 VDD_IN 4546mW/4779mW VDD_CPU_GPU_CV 655mW/831mW VDD_SOC 1063mW/1107mW
[INFO] [1716366807.862905]: timestamp 1716366807.00 VDD_IN 4874mW/4779mW VDD_CPU_GPU_CV 942mW/831mW VDD_SOC 1104mW/1107mW
[INFO] [1716366808.883274]: timestamp 1716366808.00 VDD_IN 4587mW/4778mW VDD_CPU_GPU_CV 696mW/831mW VDD_SOC 1063mW/1107mW
[INFO] [1716366809.901964]: timestamp 1716366809.00 VDD_IN 4464mW/4776mW VDD_CPU_GPU_CV 573mW/829mW VDD_SOC 1063mW/1107mW
[INFO] [1716366810.920567]: timestamp 1716366810.00 VDD_IN 4464mW/4775mW VDD_CPU_GPU_CV 614mW/828mW VDD_SOC 1063mW/1107mW
[INFO] [1716366811.940959]: timestamp 1716366811.00 VDD_IN 4505mW/4774mW VDD_CPU_GPU_CV 614mW/827mW VDD_SOC 1063mW/1106mW
[INFO] [1716366812.955890]: timestamp 1716366812.00 VDD_IN 5038mW/4775mW VDD_CPU_GPU_CV 1146mW/829mW VDD_SOC 1063mW/1106mW
[INFO] [1716366813.975900]: timestamp 1716366813.00 VDD_IN 4505mW/4774mW VDD_CPU_GPU_CV 655mW/828mW VDD_SOC 1063mW/1106mW
[INFO] [1716366814.996014]: timestamp 1716366814.00 VDD_IN 4464mW/4772mW VDD_CPU_GPU_CV 614mW/827mW VDD_SOC 1063mW/1106mW
[INFO] [1716366816.013043]: timestamp 1716366816.00 VDD_IN 4505mW/4771mW VDD_CPU_GPU_CV 614mW/826mW VDD_SOC 1063mW/1105mW
[INFO] [1716366817.030985]: timestamp 1716366817.00 VDD_IN 4505mW/4769mW VDD_CPU_GPU_CV 614mW/825mW VDD_SOC 1063mW/1105mW
[INFO] [1716366818.049120]: timestamp 1716366818.00 VDD_IN 4505mW/4768mW VDD_CPU_GPU_CV 614mW/824mW VDD_SOC 1063mW/1105mW
[INFO] [1716366819.067394]: timestamp 1716366819.00 VDD_IN 4546mW/4767mW VDD_CPU_GPU_CV 655mW/823mW VDD_SOC 1063mW/1105mW
[INFO] [1716366820.086968]: timestamp 1716366820.00 VDD_IN 4505mW/4766mW VDD_CPU_GPU_CV 655mW/822mW VDD_SOC 1063mW/1105mW
[INFO] [1716366821.105344]: timestamp 1716366821.00 VDD_IN 4505mW/4765mW VDD_CPU_GPU_CV 614mW/821mW VDD_SOC 1063mW/1104mW
[INFO] [1716366822.123776]: timestamp 1716366822.00 VDD_IN 4587mW/4764mW VDD_CPU_GPU_CV 696mW/821mW VDD_SOC 1063mW/1104mW
[INFO] [1716366823.142398]: timestamp 1716366823.00 VDD_IN 5160mW/4766mW VDD_CPU_GPU_CV 1269mW/823mW VDD_SOC 1063mW/1104mW
[INFO] [1716366824.161278]: timestamp 1716366824.00 VDD_IN 4628mW/4765mW VDD_CPU_GPU_CV 737mW/822mW VDD_SOC 1063mW/1104mW
[INFO] [1716366825.179983]: timestamp 1716366825.00 VDD_IN 4628mW/4764mW VDD_CPU_GPU_CV 696mW/822mW VDD_SOC 1063mW/1104mW
[INFO] [1716366826.199005]: timestamp 1716366826.00 VDD_IN 4546mW/4763mW VDD_CPU_GPU_CV 655mW/821mW VDD_SOC 1063mW/1104mW
[INFO] [1716366827.220366]: timestamp 1716366827.00 VDD_IN 4587mW/4763mW VDD_CPU_GPU_CV 655mW/820mW VDD_SOC 1063mW/1103mW
[INFO] [1716366828.237432]: timestamp 1716366828.00 VDD_IN 4587mW/4762mW VDD_CPU_GPU_CV 696mW/820mW VDD_SOC 1063mW/1103mW
[INFO] [1716366829.256148]: timestamp 1716366829.00 VDD_IN 4464mW/4760mW VDD_CPU_GPU_CV 573mW/818mW VDD_SOC 1063mW/1103mW
[INFO] [1716366830.276089]: timestamp 1716366830.00 VDD_IN 4464mW/4759mW VDD_CPU_GPU_CV 573mW/817mW VDD_SOC 1063mW/1103mW
[INFO] [1716366831.294185]: timestamp 1716366831.00 VDD_IN 4423mW/4757mW VDD_CPU_GPU_CV 573mW/816mW VDD_SOC 1063mW/1103mW
[INFO] [1716366832.314018]: timestamp 1716366832.00 VDD_IN 4464mW/4756mW VDD_CPU_GPU_CV 573mW/815mW VDD_SOC 1063mW/1102mW
[INFO] [1716366833.331955]: timestamp 1716366833.00 VDD_IN 4874mW/4757mW VDD_CPU_GPU_CV 983mW/816mW VDD_SOC 1063mW/1102mW
[INFO] [1716366834.351192]: timestamp 1716366834.00 VDD_IN 4546mW/4756mW VDD_CPU_GPU_CV 655mW/815mW VDD_SOC 1063mW/1102mW
[INFO] [1716366835.369777]: timestamp 1716366835.00 VDD_IN 4587mW/4755mW VDD_CPU_GPU_CV 696mW/815mW VDD_SOC 1063mW/1102mW
[INFO] [1716366836.388536]: timestamp 1716366836.00 VDD_IN 4546mW/4754mW VDD_CPU_GPU_CV 655mW/814mW VDD_SOC 1063mW/1102mW
[INFO] [1716366837.410197]: timestamp 1716366837.00 VDD_IN 4628mW/4754mW VDD_CPU_GPU_CV 696mW/813mW VDD_SOC 1063mW/1102mW
[INFO] [1716366838.430652]: timestamp 1716366838.00 VDD_IN 4587mW/4753mW VDD_CPU_GPU_CV 696mW/813mW VDD_SOC 1063mW/1101mW
[INFO] [1716366839.449381]: timestamp 1716366839.00 VDD_IN 4587mW/4752mW VDD_CPU_GPU_CV 696mW/812mW VDD_SOC 1063mW/1101mW
[INFO] [1716366840.467506]: timestamp 1716366840.00 VDD_IN 4669mW/4752mW VDD_CPU_GPU_CV 737mW/812mW VDD_SOC 1104mW/1101mW
[INFO] [1716366841.487675]: timestamp 1716366841.00 VDD_IN 4628mW/4751mW VDD_CPU_GPU_CV 737mW/812mW VDD_SOC 1063mW/1101mW
[INFO] [1716366842.507380]: timestamp 1716366842.00 VDD_IN 4587mW/4750mW VDD_CPU_GPU_CV 696mW/811mW VDD_SOC 1063mW/1101mW
[INFO] [1716366843.525651]: timestamp 1716366843.00 VDD_IN 4915mW/4751mW VDD_CPU_GPU_CV 983mW/812mW VDD_SOC 1104mW/1101mW
[INFO] [1716366844.544506]: timestamp 1716366844.00 VDD_IN 4710mW/4751mW VDD_CPU_GPU_CV 778mW/812mW VDD_SOC 1104mW/1101mW
[INFO] [1716366845.562378]: timestamp 1716366845.00 VDD_IN 4710mW/4751mW VDD_CPU_GPU_CV 778mW/812mW VDD_SOC 1104mW/1101mW
[INFO] [1716366846.582588]: timestamp 1716366846.00 VDD_IN 4587mW/4750mW VDD_CPU_GPU_CV 696mW/811mW VDD_SOC 1063mW/1101mW
[INFO] [1716366847.721722]: timestamp 1716366847.00 VDD_IN 4710mW/4750mW VDD_CPU_GPU_CV 778mW/811mW VDD_SOC 1104mW/1101mW
[INFO] [1716366848.729751]: timestamp 1716366848.00 VDD_IN 4997mW/4751mW VDD_CPU_GPU_CV 1024mW/812mW VDD_SOC 1104mW/1101mW
[INFO] [1716366849.736408]: timestamp 1716366849.00 VDD_IN 4833mW/4751mW VDD_CPU_GPU_CV 901mW/812mW VDD_SOC 1104mW/1101mW
[INFO] [1716366850.743947]: timestamp 1716366850.00 VDD_IN 4833mW/4752mW VDD_CPU_GPU_CV 901mW/813mW VDD_SOC 1104mW/1101mW
[INFO] [1716366851.752877]: timestamp 1716366851.00 VDD_IN 4710mW/4751mW VDD_CPU_GPU_CV 778mW/812mW VDD_SOC 1104mW/1101mW
[INFO] [1716366852.760463]: timestamp 1716366852.00 VDD_IN 4710mW/4751mW VDD_CPU_GPU_CV 819mW/812mW VDD_SOC 1104mW/1101mW
[INFO] [1716366853.767032]: timestamp 1716366853.00 VDD_IN 4751mW/4751mW VDD_CPU_GPU_CV 860mW/813mW VDD_SOC 1063mW/1101mW
[INFO] [1716366854.780112]: timestamp 1716366854.00 VDD_IN 4628mW/4751mW VDD_CPU_GPU_CV 737mW/812mW VDD_SOC 1063mW/1100mW
[INFO] [1716366855.787980]: timestamp 1716366855.00 VDD_IN 4669mW/4750mW VDD_CPU_GPU_CV 778mW/812mW VDD_SOC 1063mW/1100mW
[INFO] [1716366856.798177]: timestamp 1716366856.00 VDD_IN 4628mW/4750mW VDD_CPU_GPU_CV 737mW/812mW VDD_SOC 1063mW/1100mW
[INFO] [1716366857.819615]: timestamp 1716366857.00 VDD_IN 4669mW/4750mW VDD_CPU_GPU_CV 737mW/812mW VDD_SOC 1063mW/1100mW
[INFO] [1716366858.837997]: timestamp 1716366858.00 VDD_IN 4669mW/4749mW VDD_CPU_GPU_CV 737mW/811mW VDD_SOC 1104mW/1100mW
[INFO] [1716366859.857828]: timestamp 1716366859.00 VDD_IN 4710mW/4749mW VDD_CPU_GPU_CV 778mW/811mW VDD_SOC 1104mW/1100mW
[INFO] [1716366860.878276]: timestamp 1716366860.00 VDD_IN 4710mW/4749mW VDD_CPU_GPU_CV 819mW/811mW VDD_SOC 1104mW/1100mW
[INFO] [1716366861.894647]: timestamp 1716366861.00 VDD_IN 4628mW/4748mW VDD_CPU_GPU_CV 696mW/811mW VDD_SOC 1063mW/1100mW
[INFO] [1716366862.927015]: timestamp 1716366862.00 VDD_IN 5120mW/4750mW VDD_CPU_GPU_CV 1187mW/812mW VDD_SOC 1104mW/1100mW
[INFO] [1716366863.943963]: timestamp 1716366863.00 VDD_IN 4833mW/4750mW VDD_CPU_GPU_CV 901mW/813mW VDD_SOC 1104mW/1100mW
[INFO] [1716366864.962250]: timestamp 1716366864.00 VDD_IN 4751mW/4750mW VDD_CPU_GPU_CV 819mW/813mW VDD_SOC 1104mW/1100mW
[INFO] [1716366865.980562]: timestamp 1716366865.00 VDD_IN 4505mW/4749mW VDD_CPU_GPU_CV 614mW/812mW VDD_SOC 1063mW/1100mW
[INFO] [1716366867.002245]: timestamp 1716366866.00 VDD_IN 4546mW/4749mW VDD_CPU_GPU_CV 655mW/811mW VDD_SOC 1063mW/1100mW
[INFO] [1716366868.022802]: timestamp 1716366868.00 VDD_IN 4792mW/4749mW VDD_CPU_GPU_CV 901mW/812mW VDD_SOC 1063mW/1100mW
[INFO] [1716366869.042078]: timestamp 1716366869.00 VDD_IN 4505mW/4748mW VDD_CPU_GPU_CV 655mW/811mW VDD_SOC 1063mW/1099mW
[INFO] [1716366870.060505]: timestamp 1716366870.00 VDD_IN 4505mW/4747mW VDD_CPU_GPU_CV 614mW/810mW VDD_SOC 1063mW/1099mW
[INFO] [1716366871.079354]: timestamp 1716366871.00 VDD_IN 4505mW/4746mW VDD_CPU_GPU_CV 655mW/810mW VDD_SOC 1063mW/1099mW
[INFO] [1716366872.097290]: timestamp 1716366872.00 VDD_IN 4587mW/4745mW VDD_CPU_GPU_CV 696mW/809mW VDD_SOC 1063mW/1099mW
[INFO] [1716366873.117883]: timestamp 1716366873.00 VDD_IN 5406mW/4748mW VDD_CPU_GPU_CV 1433mW/812mW VDD_SOC 1104mW/1099mW
[INFO] [1716366874.135131]: timestamp 1716366874.00 VDD_IN 4751mW/4748mW VDD_CPU_GPU_CV 819mW/812mW VDD_SOC 1104mW/1099mW
[INFO] [1716366875.155498]: timestamp 1716366875.00 VDD_IN 4628mW/4747mW VDD_CPU_GPU_CV 737mW/811mW VDD_SOC 1063mW/1099mW
[INFO] [1716366876.173205]: timestamp 1716366876.00 VDD_IN 4669mW/4747mW VDD_CPU_GPU_CV 737mW/811mW VDD_SOC 1063mW/1099mW
[INFO] [1716366877.191433]: timestamp 1716366877.00 VDD_IN 4587mW/4746mW VDD_CPU_GPU_CV 655mW/810mW VDD_SOC 1063mW/1099mW
[INFO] [1716366878.209539]: timestamp 1716366878.00 VDD_IN 4505mW/4746mW VDD_CPU_GPU_CV 614mW/810mW VDD_SOC 1063mW/1098mW
--- Logging error ---
--- Logging error ---
Traceback (most recent call last):
  File "/usr/lib/python3.8/logging/handlers.py", line 69, in emit
    if self.shouldRollover(record):
  File "/usr/lib/python3.8/logging/handlers.py", line 186, in shouldRollover
    self.stream.seek(0, 2)  #due to non-posix-compliant Windows feature
RuntimeError: reentrant call inside <_io.BufferedWriter name='/root/.ros/log/power_monitor.log'>

During handling of the above exception, another exception occurred:

Traceback (most recent call last):
  File "/usr/lib/python3.8/logging/handlers.py", line 69, in emit
    if self.shouldRollover(record):
  File "/usr/lib/python3.8/logging/handlers.py", line 186, in shouldRollover
    self.stream.seek(0, 2)  #due to non-posix-compliant Windows feature
RuntimeError: reentrant call inside <_io.BufferedWriter name='/root/.ros/log/power_monitor.log'>
Call stack:
  File "/home/user/project/ParallelCollaborativeInference/exp_utils/power_monitor.py", line 34, in <module>
    monitor_power()
  File "/home/user/project/ParallelCollaborativeInference/exp_utils/power_monitor.py", line 27, in monitor_power
    time.sleep(interval)
  File "/opt/ros/noetic/lib/python3/dist-packages/rospy/core.py", line 606, in _ros_signal
    signal_shutdown("signal-"+str(sig))
  File "/opt/ros/noetic/lib/python3/dist-packages/rospy/core.py", line 560, in signal_shutdown
    _logger.info("signal_shutdown [%s]"%reason)
  File "/usr/lib/python3.8/logging/__init__.py", line 1446, in info
    self._log(INFO, msg, args, **kwargs)
  File "/usr/lib/python3.8/logging/__init__.py", line 1589, in _log
    self.handle(record)
  File "/usr/lib/python3.8/logging/__init__.py", line 1599, in handle
    self.callHandlers(record)
  File "/usr/lib/python3.8/logging/__init__.py", line 1661, in callHandlers
    hdlr.handle(record)
  File "/usr/lib/python3.8/logging/__init__.py", line 954, in handle
    self.emit(record)
  File "/usr/lib/python3.8/logging/handlers.py", line 71, in emit
    logging.FileHandler.emit(self, record)
  File "/usr/lib/python3.8/logging/__init__.py", line 1187, in emit
    StreamHandler.emit(self, record)
  File "/usr/lib/python3.8/logging/__init__.py", line 1089, in emit
    self.flush()
  File "/usr/lib/python3.8/logging/__init__.py", line 1069, in flush
    self.stream.flush()
  File "/opt/ros/noetic/lib/python3/dist-packages/rospy/core.py", line 606, in _ros_signal
    signal_shutdown("signal-"+str(sig))
  File "/opt/ros/noetic/lib/python3/dist-packages/rospy/core.py", line 560, in signal_shutdown
    _logger.info("signal_shutdown [%s]"%reason)
  File "/usr/lib/python3.8/logging/__init__.py", line 1446, in info
    self._log(INFO, msg, args, **kwargs)
  File "/usr/lib/python3.8/logging/__init__.py", line 1589, in _log
    self.handle(record)
  File "/usr/lib/python3.8/logging/__init__.py", line 1599, in handle
    self.callHandlers(record)
  File "/usr/lib/python3.8/logging/__init__.py", line 1661, in callHandlers
    hdlr.handle(record)
  File "/usr/lib/python3.8/logging/__init__.py", line 954, in handle
    self.emit(record)
  File "/usr/lib/python3.8/logging/handlers.py", line 73, in emit
    self.handleError(record)
  File "/usr/lib/python3.8/logging/__init__.py", line 1007, in handleError
    traceback.print_exception(t, v, tb, None, sys.stderr)
  File "/usr/lib/python3.8/traceback.py", line 103, in print_exception
    for line in TracebackException(
  File "/usr/lib/python3.8/traceback.py", line 508, in __init__
    self.stack = StackSummary.extract(
  File "/usr/lib/python3.8/traceback.py", line 366, in extract
    f.line
  File "/usr/lib/python3.8/traceback.py", line 288, in line
    self._line = linecache.getline(self.filename, self.lineno).strip()
  File "/usr/lib/python3.8/linecache.py", line 16, in getline
    lines = getlines(filename, module_globals)
  File "/usr/lib/python3.8/linecache.py", line 47, in getlines
    return updatecache(filename, module_globals)
  File "/usr/lib/python3.8/linecache.py", line 136, in updatecache
    with tokenize.open(fullname) as fp:
  File "/usr/lib/python3.8/tokenize.py", line 394, in open
    encoding, lines = detect_encoding(buffer.readline)
  File "/usr/lib/python3.8/tokenize.py", line 363, in detect_encoding
    first = read_or_stop()
  File "/usr/lib/python3.8/tokenize.py", line 321, in read_or_stop
    return readline()
  File "/opt/ros/noetic/lib/python3/dist-packages/rospy/core.py", line 606, in _ros_signal
    signal_shutdown("signal-"+str(sig))
  File "/opt/ros/noetic/lib/python3/dist-packages/rospy/core.py", line 560, in signal_shutdown
    _logger.info("signal_shutdown [%s]"%reason)
Message: 'signal_shutdown [signal-15]'
Arguments: ()
--- Logging error ---
Traceback (most recent call last):
  File "/usr/lib/python3.8/logging/handlers.py", line 69, in emit
    if self.shouldRollover(record):
  File "/usr/lib/python3.8/logging/handlers.py", line 186, in shouldRollover
    self.stream.seek(0, 2)  #due to non-posix-compliant Windows feature
RuntimeError: reentrant call inside <_io.BufferedWriter name='/root/.ros/log/power_monitor.log'>

During handling of the above exception, another exception occurred:

Traceback (most recent call last):
  File "/usr/lib/python3.8/logging/handlers.py", line 69, in emit
    if self.shouldRollover(record):
  File "/usr/lib/python3.8/logging/handlers.py", line 186, in shouldRollover
    self.stream.seek(0, 2)  #due to non-posix-compliant Windows feature
RuntimeError: reentrant call inside <_io.BufferedWriter name='/root/.ros/log/power_monitor.log'>
Call stack:
  File "/home/user/project/ParallelCollaborativeInference/exp_utils/power_monitor.py", line 34, in <module>
    monitor_power()
  File "/home/user/project/ParallelCollaborativeInference/exp_utils/power_monitor.py", line 27, in monitor_power
    time.sleep(interval)
  File "/opt/ros/noetic/lib/python3/dist-packages/rospy/core.py", line 606, in _ros_signal
    signal_shutdown("signal-"+str(sig))
  File "/opt/ros/noetic/lib/python3/dist-packages/rospy/core.py", line 560, in signal_shutdown
    _logger.info("signal_shutdown [%s]"%reason)
  File "/usr/lib/python3.8/logging/__init__.py", line 1446, in info
    self._log(INFO, msg, args, **kwargs)
  File "/usr/lib/python3.8/logging/__init__.py", line 1589, in _log
    self.handle(record)
  File "/usr/lib/python3.8/logging/__init__.py", line 1599, in handle
    self.callHandlers(record)
  File "/usr/lib/python3.8/logging/__init__.py", line 1661, in callHandlers
    hdlr.handle(record)
  File "/usr/lib/python3.8/logging/__init__.py", line 954, in handle
    self.emit(record)
  File "/usr/lib/python3.8/logging/handlers.py", line 71, in emit
    logging.FileHandler.emit(self, record)
  File "/usr/lib/python3.8/logging/__init__.py", line 1187, in emit
    StreamHandler.emit(self, record)
  File "/usr/lib/python3.8/logging/__init__.py", line 1089, in emit
    self.flush()
  File "/usr/lib/python3.8/logging/__init__.py", line 1069, in flush
    self.stream.flush()
  File "/opt/ros/noetic/lib/python3/dist-packages/rospy/core.py", line 606, in _ros_signal
    signal_shutdown("signal-"+str(sig))
  File "/opt/ros/noetic/lib/python3/dist-packages/rospy/core.py", line 560, in signal_shutdown
    _logger.info("signal_shutdown [%s]"%reason)
  File "/usr/lib/python3.8/logging/__init__.py", line 1446, in info
    self._log(INFO, msg, args, **kwargs)
  File "/usr/lib/python3.8/logging/__init__.py", line 1589, in _log
    self.handle(record)
  File "/usr/lib/python3.8/logging/__init__.py", line 1599, in handle
    self.callHandlers(record)
  File "/usr/lib/python3.8/logging/__init__.py", line 1661, in callHandlers
    hdlr.handle(record)
  File "/usr/lib/python3.8/logging/__init__.py", line 954, in handle
    self.emit(record)
  File "/usr/lib/python3.8/logging/handlers.py", line 73, in emit
    self.handleError(record)
  File "/usr/lib/python3.8/logging/__init__.py", line 1007, in handleError
    traceback.print_exception(t, v, tb, None, sys.stderr)
  File "/usr/lib/python3.8/traceback.py", line 103, in print_exception
    for line in TracebackException(
  File "/usr/lib/python3.8/traceback.py", line 508, in __init__
    self.stack = StackSummary.extract(
  File "/usr/lib/python3.8/traceback.py", line 366, in extract
    f.line
  File "/usr/lib/python3.8/traceback.py", line 288, in line
    self._line = linecache.getline(self.filename, self.lineno).strip()
  File "/usr/lib/python3.8/linecache.py", line 16, in getline
    lines = getlines(filename, module_globals)
  File "/usr/lib/python3.8/linecache.py", line 47, in getlines
    return updatecache(filename, module_globals)
  File "/usr/lib/python3.8/linecache.py", line 136, in updatecache
    with tokenize.open(fullname) as fp:
  File "/usr/lib/python3.8/tokenize.py", line 394, in open
    encoding, lines = detect_encoding(buffer.readline)
  File "/usr/lib/python3.8/tokenize.py", line 363, in detect_encoding
    first = read_or_stop()
  File "/usr/lib/python3.8/tokenize.py", line 321, in read_or_stop
    return readline()
  File "/opt/ros/noetic/lib/python3/dist-packages/rospy/core.py", line 606, in _ros_signal
    signal_shutdown("signal-"+str(sig))
  File "/opt/ros/noetic/lib/python3/dist-packages/rospy/core.py", line 579, in signal_shutdown
    h(reason)
  File "/opt/ros/noetic/lib/python3/dist-packages/rospy/impl/registration.py", line 390, in cleanup
    tm.close_all()
  File "/opt/ros/noetic/lib/python3/dist-packages/rospy/topics.py", line 1166, in close_all
    t.close()
  File "/opt/ros/noetic/lib/python3/dist-packages/rospy/topics.py", line 925, in close
    _TopicImpl.close(self)
  File "/opt/ros/noetic/lib/python3/dist-packages/rospy/topics.py", line 326, in close
    c.close()
  File "/opt/ros/noetic/lib/python3/dist-packages/rospy/impl/tcpros_base.py", line 868, in close
    super(TCPROSTransport, self).close()
  File "/opt/ros/noetic/lib/python3/dist-packages/rospy/impl/transport.py", line 104, in close
    self.cleanup_cb(self)
  File "/opt/ros/noetic/lib/python3/dist-packages/rospy/topics.py", line 455, in cleanup_cb_wrapper
    new_callback(s)
  File "/opt/ros/noetic/lib/python3/dist-packages/rospy/topics.py", line 1014, in remove_connection
    super(_PublisherImpl, self).remove_connection(c)
  File "/opt/ros/noetic/lib/python3/dist-packages/rospy/topics.py", line 478, in remove_connection
    rospyinfo("topic[%s] removing connection to %s"%(self.resolved_name, c.endpoint_id))
  File "/opt/ros/noetic/lib/python3/dist-packages/rospy/core.py", line 140, in rospyinfo
    _rospy_logger.info(msg, *args, **kwargs)
Message: 'topic[/rosout] removing connection to /rosout'
Arguments: ()
--- Logging error ---
Traceback (most recent call last):
  File "/usr/lib/python3.8/logging/handlers.py", line 69, in emit
    if self.shouldRollover(record):
  File "/usr/lib/python3.8/logging/handlers.py", line 186, in shouldRollover
    self.stream.seek(0, 2)  #due to non-posix-compliant Windows feature
RuntimeError: reentrant call inside <_io.BufferedWriter name='/root/.ros/log/power_monitor.log'>

During handling of the above exception, another exception occurred:

Traceback (most recent call last):
  File "/usr/lib/python3.8/logging/handlers.py", line 69, in emit
    if self.shouldRollover(record):
  File "/usr/lib/python3.8/logging/handlers.py", line 186, in shouldRollover
    self.stream.seek(0, 2)  #due to non-posix-compliant Windows feature
RuntimeError: reentrant call inside <_io.BufferedWriter name='/root/.ros/log/power_monitor.log'>
Call stack:
  File "/home/user/project/ParallelCollaborativeInference/exp_utils/power_monitor.py", line 34, in <module>
    monitor_power()
  File "/home/user/project/ParallelCollaborativeInference/exp_utils/power_monitor.py", line 27, in monitor_power
    time.sleep(interval)
  File "/opt/ros/noetic/lib/python3/dist-packages/rospy/core.py", line 606, in _ros_signal
    signal_shutdown("signal-"+str(sig))
  File "/opt/ros/noetic/lib/python3/dist-packages/rospy/core.py", line 560, in signal_shutdown
    _logger.info("signal_shutdown [%s]"%reason)
  File "/usr/lib/python3.8/logging/__init__.py", line 1446, in info
    self._log(INFO, msg, args, **kwargs)
  File "/usr/lib/python3.8/logging/__init__.py", line 1589, in _log
    self.handle(record)
  File "/usr/lib/python3.8/logging/__init__.py", line 1599, in handle
    self.callHandlers(record)
  File "/usr/lib/python3.8/logging/__init__.py", line 1661, in callHandlers
    hdlr.handle(record)
  File "/usr/lib/python3.8/logging/__init__.py", line 954, in handle
    self.emit(record)
  File "/usr/lib/python3.8/logging/handlers.py", line 71, in emit
    logging.FileHandler.emit(self, record)
  File "/usr/lib/python3.8/logging/__init__.py", line 1187, in emit
    StreamHandler.emit(self, record)
  File "/usr/lib/python3.8/logging/__init__.py", line 1089, in emit
    self.flush()
  File "/usr/lib/python3.8/logging/__init__.py", line 1069, in flush
    self.stream.flush()
  File "/opt/ros/noetic/lib/python3/dist-packages/rospy/core.py", line 606, in _ros_signal
    signal_shutdown("signal-"+str(sig))
  File "/opt/ros/noetic/lib/python3/dist-packages/rospy/core.py", line 560, in signal_shutdown
    _logger.info("signal_shutdown [%s]"%reason)
  File "/usr/lib/python3.8/logging/__init__.py", line 1446, in info
    self._log(INFO, msg, args, **kwargs)
  File "/usr/lib/python3.8/logging/__init__.py", line 1589, in _log
    self.handle(record)
  File "/usr/lib/python3.8/logging/__init__.py", line 1599, in handle
    self.callHandlers(record)
  File "/usr/lib/python3.8/logging/__init__.py", line 1661, in callHandlers
    hdlr.handle(record)
  File "/usr/lib/python3.8/logging/__init__.py", line 954, in handle
    self.emit(record)
  File "/usr/lib/python3.8/logging/handlers.py", line 73, in emit
    self.handleError(record)
  File "/usr/lib/python3.8/logging/__init__.py", line 1007, in handleError
    traceback.print_exception(t, v, tb, None, sys.stderr)
  File "/usr/lib/python3.8/traceback.py", line 103, in print_exception
    for line in TracebackException(
  File "/usr/lib/python3.8/traceback.py", line 508, in __init__
    self.stack = StackSummary.extract(
  File "/usr/lib/python3.8/traceback.py", line 366, in extract
    f.line
  File "/usr/lib/python3.8/traceback.py", line 288, in line
    self._line = linecache.getline(self.filename, self.lineno).strip()
  File "/usr/lib/python3.8/linecache.py", line 16, in getline
    lines = getlines(filename, module_globals)
  File "/usr/lib/python3.8/linecache.py", line 47, in getlines
    return updatecache(filename, module_globals)
  File "/usr/lib/python3.8/linecache.py", line 136, in updatecache
    with tokenize.open(fullname) as fp:
  File "/usr/lib/python3.8/tokenize.py", line 394, in open
    encoding, lines = detect_encoding(buffer.readline)
  File "/usr/lib/python3.8/tokenize.py", line 363, in detect_encoding
    first = read_or_stop()
  File "/usr/lib/python3.8/tokenize.py", line 321, in read_or_stop
    return readline()
  File "/opt/ros/noetic/lib/python3/dist-packages/rospy/core.py", line 606, in _ros_signal
    signal_shutdown("signal-"+str(sig))
  File "/opt/ros/noetic/lib/python3/dist-packages/rospy/core.py", line 590, in signal_shutdown
    h(reason)
  File "/opt/ros/noetic/lib/python3/dist-packages/rosgraph/xmlrpc.py", line 230, in shutdown
    handler._shutdown(reason)
  File "/opt/ros/noetic/lib/python3/dist-packages/rospy/impl/masterslave.py", line 342, in _shutdown
    _logger.info(reason)
Message: 'signal-15'
Arguments: ()
Traceback (most recent call last):
  File "/usr/lib/python3.8/logging/handlers.py", line 69, in emit
    if self.shouldRollover(record):
  File "/usr/lib/python3.8/logging/handlers.py", line 186, in shouldRollover
    self.stream.seek(0, 2)  #due to non-posix-compliant Windows feature
RuntimeError: reentrant call inside <_io.BufferedWriter name='/root/.ros/log/power_monitor.log'>
Call stack:
  File "/home/user/project/ParallelCollaborativeInference/exp_utils/power_monitor.py", line 34, in <module>
    monitor_power()
  File "/home/user/project/ParallelCollaborativeInference/exp_utils/power_monitor.py", line 27, in monitor_power
    time.sleep(interval)
  File "/opt/ros/noetic/lib/python3/dist-packages/rospy/core.py", line 606, in _ros_signal
    signal_shutdown("signal-"+str(sig))
  File "/opt/ros/noetic/lib/python3/dist-packages/rospy/core.py", line 560, in signal_shutdown
    _logger.info("signal_shutdown [%s]"%reason)
  File "/usr/lib/python3.8/logging/__init__.py", line 1446, in info
    self._log(INFO, msg, args, **kwargs)
  File "/usr/lib/python3.8/logging/__init__.py", line 1589, in _log
    self.handle(record)
  File "/usr/lib/python3.8/logging/__init__.py", line 1599, in handle
    self.callHandlers(record)
  File "/usr/lib/python3.8/logging/__init__.py", line 1661, in callHandlers
    hdlr.handle(record)
  File "/usr/lib/python3.8/logging/__init__.py", line 954, in handle
    self.emit(record)
  File "/usr/lib/python3.8/logging/handlers.py", line 71, in emit
    logging.FileHandler.emit(self, record)
  File "/usr/lib/python3.8/logging/__init__.py", line 1187, in emit
    StreamHandler.emit(self, record)
  File "/usr/lib/python3.8/logging/__init__.py", line 1089, in emit
    self.flush()
  File "/usr/lib/python3.8/logging/__init__.py", line 1069, in flush
    self.stream.flush()
  File "/opt/ros/noetic/lib/python3/dist-packages/rospy/core.py", line 606, in _ros_signal
    signal_shutdown("signal-"+str(sig))
  File "/opt/ros/noetic/lib/python3/dist-packages/rospy/core.py", line 560, in signal_shutdown
    _logger.info("signal_shutdown [%s]"%reason)
Message: 'signal_shutdown [signal-2]'
Arguments: ()
[INFO] [1716366879.228552]: timestamp 1716366879.00 VDD_IN 4505mW/4745mW VDD_CPU_GPU_CV 655mW/809mW VDD_SOC 1063mW/1098mW
[INFO] [1716366880.248410]: timestamp 1716366880.00 VDD_IN 4464mW/4744mW VDD_CPU_GPU_CV 573mW/808mW VDD_SOC 1063mW/1098mW
[INFO] [1716366881.267803]: timestamp 1716366881.00 VDD_IN 4546mW/4743mW VDD_CPU_GPU_CV 655mW/808mW VDD_SOC 1063mW/1098mW
[INFO] [1716366882.288304]: timestamp 1716366882.00 VDD_IN 4546mW/4742mW VDD_CPU_GPU_CV 614mW/807mW VDD_SOC 1063mW/1098mW
[INFO] [1716366883.310631]: timestamp 1716366883.00 VDD_IN 5079mW/4743mW VDD_CPU_GPU_CV 1146mW/808mW VDD_SOC 1104mW/1098mW
[INFO] [1716366884.329217]: timestamp 1716366884.00 VDD_IN 4710mW/4743mW VDD_CPU_GPU_CV 778mW/808mW VDD_SOC 1104mW/1098mW
[INFO] [1716366885.348303]: timestamp 1716366885.00 VDD_IN 4669mW/4743mW VDD_CPU_GPU_CV 737mW/808mW VDD_SOC 1104mW/1098mW
[INFO] [1716366886.367701]: timestamp 1716366886.00 VDD_IN 4710mW/4743mW VDD_CPU_GPU_CV 778mW/808mW VDD_SOC 1104mW/1098mW
[INFO] [1716366887.386625]: timestamp 1716366887.00 VDD_IN 4710mW/4743mW VDD_CPU_GPU_CV 778mW/808mW VDD_SOC 1104mW/1098mW
[INFO] [1716366888.405951]: timestamp 1716366888.00 VDD_IN 4710mW/4743mW VDD_CPU_GPU_CV 819mW/808mW VDD_SOC 1104mW/1098mW
[INFO] [1716366889.422144]: timestamp 1716366889.00 VDD_IN 4751mW/4743mW VDD_CPU_GPU_CV 819mW/808mW VDD_SOC 1104mW/1098mW
[INFO] [1716366890.439497]: timestamp 1716366890.00 VDD_IN 4751mW/4743mW VDD_CPU_GPU_CV 819mW/808mW VDD_SOC 1104mW/1098mW
[INFO] [1716366891.457963]: timestamp 1716366891.00 VDD_IN 4751mW/4743mW VDD_CPU_GPU_CV 819mW/808mW VDD_SOC 1104mW/1098mW
[INFO] [1716366892.479379]: timestamp 1716366892.00 VDD_IN 4751mW/4743mW VDD_CPU_GPU_CV 819mW/808mW VDD_SOC 1104mW/1098mW
[INFO] [1716366893.497922]: timestamp 1716366893.00 VDD_IN 5079mW/4744mW VDD_CPU_GPU_CV 1105mW/809mW VDD_SOC 1104mW/1098mW
[INFO] [1716366894.522961]: timestamp 1716366894.00 VDD_IN 4833mW/4744mW VDD_CPU_GPU_CV 860mW/809mW VDD_SOC 1104mW/1098mW
[INFO] [1716366895.541029]: timestamp 1716366895.00 VDD_IN 4587mW/4744mW VDD_CPU_GPU_CV 696mW/809mW VDD_SOC 1063mW/1098mW
[INFO] [1716366896.558784]: timestamp 1716366896.00 VDD_IN 4505mW/4743mW VDD_CPU_GPU_CV 614mW/808mW VDD_SOC 1063mW/1098mW
[INFO] [1716366897.577689]: timestamp 1716366897.00 VDD_IN 4505mW/4742mW VDD_CPU_GPU_CV 614mW/807mW VDD_SOC 1063mW/1098mW
[INFO] [1716366898.595585]: timestamp 1716366898.00 VDD_IN 4505mW/4741mW VDD_CPU_GPU_CV 614mW/807mW VDD_SOC 1063mW/1098mW
[INFO] [1716366899.614442]: timestamp 1716366899.00 VDD_IN 4464mW/4740mW VDD_CPU_GPU_CV 573mW/806mW VDD_SOC 1063mW/1098mW
[INFO] [1716366900.633828]: timestamp 1716366900.00 VDD_IN 4464mW/4739mW VDD_CPU_GPU_CV 573mW/805mW VDD_SOC 1063mW/1097mW
[INFO] [1716366901.651632]: timestamp 1716366901.00 VDD_IN 4628mW/4739mW VDD_CPU_GPU_CV 737mW/805mW VDD_SOC 1104mW/1097mW
[INFO] [1716366902.670851]: timestamp 1716366902.00 VDD_IN 4628mW/4738mW VDD_CPU_GPU_CV 696mW/804mW VDD_SOC 1104mW/1097mW
[INFO] [1716366903.690235]: timestamp 1716366903.00 VDD_IN 4915mW/4739mW VDD_CPU_GPU_CV 983mW/805mW VDD_SOC 1104mW/1097mW
[INFO] [1716366904.709321]: timestamp 1716366904.00 VDD_IN 4751mW/4739mW VDD_CPU_GPU_CV 819mW/805mW VDD_SOC 1104mW/1097mW
[INFO] [1716366905.729369]: timestamp 1716366905.00 VDD_IN 4710mW/4739mW VDD_CPU_GPU_CV 778mW/805mW VDD_SOC 1104mW/1098mW
[INFO] [1716366906.746850]: timestamp 1716366906.00 VDD_IN 4751mW/4739mW VDD_CPU_GPU_CV 819mW/805mW VDD_SOC 1104mW/1098mW
[INFO] [1716366908.129138]: Stop power_monitor
